<?xml version="1.0" encoding="UTF-8"?>
<!-- Generated by org.testng.reporters.JUnitXMLReporter -->
<testsuite hostname="MTVL1289efa36.local" name="Test" tests="1" failures="1" timestamp="5 Jun 2014 22:52:33 GMT" time="0.969" errors="0">
  <testcase name="testCCCharge" time="0.96" classname="com.intuit.paymentsapi.us.ChargeTest">
    <failure type="junit.framework.AssertionFailedError" message="expected:&amp;lt;200&amp;gt; but was:&amp;lt;404&amp;gt;">
      <![CDATA[junit.framework.AssertionFailedError: expected:<200> but was:<404>
	at junit.framework.Assert.fail(Assert.java:50)
	at junit.framework.Assert.failNotEquals(Assert.java:287)
	at junit.framework.Assert.assertEquals(Assert.java:67)
	at junit.framework.Assert.assertEquals(Assert.java:199)
	at junit.framework.Assert.assertEquals(Assert.java:205)
	at com.intuit.paymentsapi.us.ChargeTest.testCCCharge(ChargeTest.java:49)
	at com.intuit.tame.common.utility.testng.SkipTestHook.run(SkipTestHook.java:37)
	at org.apache.maven.surefire.testng.TestNGExecutor.run(TestNGExecutor.java:122)
	at org.apache.maven.surefire.testng.TestNGXmlTestSuite.execute(TestNGXmlTestSuite.java:88)
	at org.apache.maven.surefire.testng.TestNGProvider.invoke(TestNGProvider.java:104)
	at org.apache.maven.surefire.booter.ProviderFactory$ClassLoaderProxy.invoke(ProviderFactory.java:103)
	at com.sun.proxy.$Proxy0.invoke(Unknown Source)
	at org.apache.maven.surefire.booter.SurefireStarter.invokeProvider(SurefireStarter.java:150)
	at org.apache.maven.surefire.booter.SurefireStarter.runSuitesInProcess(SurefireStarter.java:91)
	at org.apache.maven.surefire.booter.ForkedBooter.main(ForkedBooter.java:69)
... Removed 31 stack frames]]>
    </failure>
  </testcase> <!-- testCCCharge -->
</testsuite> <!-- Test -->
