<?xml version="1.0" encoding="UTF-8" ?>
<testsuite failures="1" time="1.271" errors="0" skipped="0" tests="1" name="TestSuite">
  <properties>
[...]
</properties>
  <testcase time="0.961" classname="com.intuit.paymentsapi.us.ChargeTest" name="testCCCharge">
    <failure message="expected:&lt;200&gt; but was:&lt;404&gt;" type="junit.framework.AssertionFailedError">junit.framework.AssertionFailedError: expected:&lt;200&gt; but was:&lt;404&gt;
	at junit.framework.Assert.fail(Assert.java:50)
	at junit.framework.Assert.failNotEquals(Assert.java:287)
	at junit.framework.Assert.assertEquals(Assert.java:67)
	at junit.framework.Assert.assertEquals(Assert.java:199)
	at junit.framework.Assert.assertEquals(Assert.java:205)
	at com.intuit.paymentsapi.us.ChargeTest.testCCCharge(ChargeTest.java:49)
</failure>
    <system-out>@HL
@HL-------------------------------------------------------
@HL T E S T S
@HL-------------------------------------------------------
@SLRunning TestSuite
2014-06-05 15:52:32,126 [main] DEBUG com.intuit.tame.common.utility.testng.ReportLoggerSuiteListner - [TAME] outputDirectory: /Users/cchang3/Documents/payments-api-testsuites/payments-api-testsuites/target/surefire-reports/Suite (from ISuite)
2014-06-05 15:52:32,127 [main] DEBUG com.intuit.tame.common.utility.testng.ReportLoggerSuiteListner - [TAME] cwd: /Users/cchang3/Documents/payments-api-testsuites/payments-api-testsuites
2014-06-05 15:52:32,127 [main] DEBUG com.intuit.tame.common.utility.testng.ReportLoggerSuiteListner - [TAME] name: Suite
2014-06-05 15:52:32,127 [main] DEBUG com.intuit.tame.common.utility.testng.ReportLoggerSuiteListner - [TAME] copyToConsole:true
2014-06-05 15:52:32,432 [main] DEBUG org.apache.http.impl.conn.BasicClientConnectionManager - Get connection for route {s}-&gt;https://transaction-api-qal.payments.intuit.com
2014-06-05 15:52:32,537 [main] DEBUG org.apache.http.impl.conn.DefaultClientConnectionOperator - Connecting to transaction-api-qal.payments.intuit.com:443
2014-06-05 15:52:32,996 [main] DEBUG org.apache.http.client.protocol.RequestAddCookies - CookieSpec selected: best-match
2014-06-05 15:52:33,002 [main] DEBUG org.apache.http.client.protocol.RequestAuthCache - Auth cache not set in the context
2014-06-05 15:52:33,002 [main] DEBUG org.apache.http.client.protocol.RequestProxyAuthentication - Proxy auth state: UNCHALLENGED
2014-06-05 15:52:33,002 [main] DEBUG org.apache.http.impl.client.DefaultHttpClient - Attempt 1 to execute request
2014-06-05 15:52:33,003 [main] DEBUG org.apache.http.impl.conn.DefaultClientConnection - Sending request: POST /v2/charges HTTP/1.1
2014-06-05 15:52:33,003 [main] DEBUG org.apache.http.wire -  &gt;&gt; &quot;POST /v2/charges HTTP/1.1[\r][\n]&quot;
2014-06-05 15:52:33,003 [main] DEBUG org.apache.http.wire -  &gt;&gt; &quot;Authorization: Intuit_IAM_Authentication intuit_appid=Intuit.payments.paymentsapi.test, intuit_app_secret=3ckq2geijG1badWv9uWHce[\r][\n]&quot;
2014-06-05 15:52:33,004 [main] DEBUG org.apache.http.wire -  &gt;&gt; &quot;realmid: 216214156[\r][\n]&quot;
2014-06-05 15:52:33,004 [main] DEBUG org.apache.http.wire -  &gt;&gt; &quot;intuittid: 9cfa5f45-1db0-4b0e-afae-d307cf765274[\r][\n]&quot;
2014-06-05 15:52:33,004 [main] DEBUG org.apache.http.wire -  &gt;&gt; &quot;Content-Type: application/json[\r][\n]&quot;
2014-06-05 15:52:33,004 [main] DEBUG org.apache.http.wire -  &gt;&gt; &quot;Accept: application/json[\r][\n]&quot;
2014-06-05 15:52:33,004 [main] DEBUG org.apache.http.wire -  &gt;&gt; &quot;Content-Length: 191[\r][\n]&quot;
2014-06-05 15:52:33,004 [main] DEBUG org.apache.http.wire -  &gt;&gt; &quot;Host: transaction-api-qal.payments.intuit.com[\r][\n]&quot;
2014-06-05 15:52:33,004 [main] DEBUG org.apache.http.wire -  &gt;&gt; &quot;Connection: Keep-Alive[\r][\n]&quot;
2014-06-05 15:52:33,004 [main] DEBUG org.apache.http.wire -  &gt;&gt; &quot;User-Agent: Apache-HttpClient/4.3.1 (java 1.5)[\r][\n]&quot;
2014-06-05 15:52:33,004 [main] DEBUG org.apache.http.wire -  &gt;&gt; &quot;[\r][\n]&quot;
2014-06-05 15:52:33,004 [main] DEBUG org.apache.http.headers - &gt;&gt; POST /v2/charges HTTP/1.1
2014-06-05 15:52:33,004 [main] DEBUG org.apache.http.headers - &gt;&gt; Authorization: Intuit_IAM_Authentication intuit_appid=Intuit.payments.paymentsapi.test, intuit_app_secret=3ckq2geijG1badWv9uWHce
2014-06-05 15:52:33,004 [main] DEBUG org.apache.http.headers - &gt;&gt; realmid: 216214156
2014-06-05 15:52:33,004 [main] DEBUG org.apache.http.headers - &gt;&gt; intuittid: 9cfa5f45-1db0-4b0e-afae-d307cf765274
2014-06-05 15:52:33,004 [main] DEBUG org.apache.http.headers - &gt;&gt; Content-Type: application/json
2014-06-05 15:52:33,004 [main] DEBUG org.apache.http.headers - &gt;&gt; Accept: application/json
2014-06-05 15:52:33,004 [main] DEBUG org.apache.http.headers - &gt;&gt; Content-Length: 191
2014-06-05 15:52:33,004 [main] DEBUG org.apache.http.headers - &gt;&gt; Host: transaction-api-qal.payments.intuit.com
2014-06-05 15:52:33,004 [main] DEBUG org.apache.http.headers - &gt;&gt; Connection: Keep-Alive
2014-06-05 15:52:33,004 [main] DEBUG org.apache.http.headers - &gt;&gt; User-Agent: Apache-HttpClient/4.3.1 (java 1.5)
2014-06-05 15:52:33,004 [main] DEBUG org.apache.http.wire -  &gt;&gt; &quot;{&quot;card&quot;:{&quot;zip&quot;:&quot;94086&quot;,&quot;expyear&quot;:&quot;2020&quot;,&quot;expmonth&quot;:&quot;02&quot;,&quot;name&quot;:&quot;Lucy Chang&quot;,&quot;state&quot;:&quot;CA&quot;,&quot;cvc&quot;:&quot;123&quot;,&quot;address1&quot;:&quot;1130 Kifer Rd&quot;,&quot;number&quot;:&quot;4111111111111111&quot;,&quot;country&quot;:&quot;US&quot;,&quot;city&quot;:&quot;Sunnyvale&quot;}}&quot;
2014-06-05 15:52:33,083 [main] DEBUG org.apache.http.wire -  &lt;&lt; &quot;HTTP/1.1 404 Code:RouteNotFound,Message:Route not found,Details:No key was found for http request:/v2/charges,Type:SYSTEM[\r][\n]&quot;
2014-06-05 15:52:33,085 [main] DEBUG org.apache.http.wire -  &lt;&lt; &quot;Date: Thu, 05 Jun 2014 03:52:32 GMT[\r][\n]&quot;
2014-06-05 15:52:33,085 [main] DEBUG org.apache.http.wire -  &lt;&lt; &quot;Content-Type: text/plain[\r][\n]&quot;
2014-06-05 15:52:33,085 [main] DEBUG org.apache.http.wire -  &lt;&lt; &quot;Content-Length: 0[\r][\n]&quot;
2014-06-05 15:52:33,085 [main] DEBUG org.apache.http.wire -  &lt;&lt; &quot;intuit_tid: gw-ad44c689-1dce-42ab-88e4-38fb0782f883[\r][\n]&quot;
2014-06-05 15:52:33,085 [main] DEBUG org.apache.http.wire -  &lt;&lt; &quot;Keep-Alive: timeout=5, max=75[\r][\n]&quot;
2014-06-05 15:52:33,085 [main] DEBUG org.apache.http.wire -  &lt;&lt; &quot;Connection: Keep-Alive[\r][\n]&quot;
2014-06-05 15:52:33,085 [main] DEBUG org.apache.http.wire -  &lt;&lt; &quot;[\r][\n]&quot;
2014-06-05 15:52:33,086 [main] DEBUG org.apache.http.impl.conn.DefaultClientConnection - Receiving response: HTTP/1.1 404 Code:RouteNotFound,Message:Route not found,Details:No key was found for http request:/v2/charges,Type:SYSTEM
2014-06-05 15:52:33,086 [main] DEBUG org.apache.http.headers - &lt;&lt; HTTP/1.1 404 Code:RouteNotFound,Message:Route not found,Details:No key was found for http request:/v2/charges,Type:SYSTEM
2014-06-05 15:52:33,086 [main] DEBUG org.apache.http.headers - &lt;&lt; Date: Thu, 05 Jun 2014 03:52:32 GMT
2014-06-05 15:52:33,086 [main] DEBUG org.apache.http.headers - &lt;&lt; Content-Type: text/plain
2014-06-05 15:52:33,086 [main] DEBUG org.apache.http.headers - &lt;&lt; Content-Length: 0
2014-06-05 15:52:33,086 [main] DEBUG org.apache.http.headers - &lt;&lt; intuit_tid: gw-ad44c689-1dce-42ab-88e4-38fb0782f883
2014-06-05 15:52:33,086 [main] DEBUG org.apache.http.headers - &lt;&lt; Keep-Alive: timeout=5, max=75
2014-06-05 15:52:33,086 [main] DEBUG org.apache.http.headers - &lt;&lt; Connection: Keep-Alive
2014-06-05 15:52:33,090 [main] DEBUG org.apache.http.impl.client.DefaultHttpClient - Connection can be kept alive for 5000 MILLISECONDS
</system-out>
  </testcase>
</testsuite>